<?xml version="1.0" encoding="UTF-8"?>
<!-- Generated by org.testng.reporters.JUnitReportReporter -->
<testsuite hostname="LAPTOP-GSJA0C7T" failures="0" tests="1" name="Test.Logintest" time="0.054" errors="0" timestamp="2024-12-13T09:44:07 IST" skipped="0">
  <testcase classname="Test.Logintest" name="testing3" time="0.054"/>
  <system-out/>
</testsuite> <!-- Test.Logintest -->
