<?xml version="1.0" encoding="UTF-8"?>
<!-- Generated by org.testng.reporters.JUnitReportReporter -->
<testsuite hostname="LAPTOP-GSJA0C7T" failures="0" tests="1" name="Test.Registrationtest" time="18.401" errors="0" timestamp="2024-12-13T09:44:08 IST" skipped="0">
  <testcase classname="Test.Registrationtest" name="testing1" time="18.401"/>
  <system-out/>
</testsuite> <!-- Test.Registrationtest -->
